<?xml version="1.0" encoding="UTF-8"?>
<!-- Generated by org.testng.reporters.JUnitXMLReporter -->
<testsuite ignored="0" hostname="LAPTOP-2S11OBNS" failures="4" tests="4" name="Default test" time="2.494" errors="0" timestamp="2024-06-21T11:07:11 IST">
  <testcase classname="io.cucumber.testng.AbstractTestNGCucumberTests" name="runScenario" time="0.641">
    <failure type="java.lang.NullPointerException" message="Cannot invoke &amp;quot;org.apache.logging.log4j.Logger.info(String)&amp;quot; because &amp;quot;StepDefinition.StepDefn.log&amp;quot; is null">
      <![CDATA[java.lang.NullPointerException: Cannot invoke "org.apache.logging.log4j.Logger.info(String)" because "StepDefinition.StepDefn.log" is null
at StepDefinition.StepDefn.user_launch_chrome_browser(StepDefn.java:73)
at ✽.User Launch Chrome browser(file:///C:/Users/91790/eclipse-workspace/CucumberBDDFramework_CodeStudio/Features/Customer.feature:3)
]]>
    </failure>
  </testcase> <!-- runScenario -->
  <testcase classname="io.cucumber.testng.AbstractTestNGCucumberTests" name="runScenario" time="0.055">
    <failure type="java.lang.NullPointerException" message="Cannot invoke &amp;quot;org.apache.logging.log4j.Logger.info(String)&amp;quot; because &amp;quot;StepDefinition.StepDefn.log&amp;quot; is null">
      <![CDATA[java.lang.NullPointerException: Cannot invoke "org.apache.logging.log4j.Logger.info(String)" because "StepDefinition.StepDefn.log" is null
at StepDefinition.StepDefn.user_launch_chrome_browser(StepDefn.java:73)
at ✽.User Launch Chrome browser(file:///C:/Users/91790/eclipse-workspace/CucumberBDDFramework_CodeStudio/Features/Customer.feature:3)
]]>
    </failure>
  </testcase> <!-- runScenario -->
  <testcase classname="io.cucumber.testng.AbstractTestNGCucumberTests" name="runScenario" time="0.097">
    <failure type="java.lang.NullPointerException" message="Cannot invoke &amp;quot;org.apache.logging.log4j.Logger.info(String)&amp;quot; because &amp;quot;StepDefinition.StepDefn.log&amp;quot; is null">
      <![CDATA[java.lang.NullPointerException: Cannot invoke "org.apache.logging.log4j.Logger.info(String)" because "StepDefinition.StepDefn.log" is null
at StepDefinition.StepDefn.user_launch_chrome_browser(StepDefn.java:73)
at ✽.User Launch Chrome browser(file:///C:/Users/91790/eclipse-workspace/CucumberBDDFramework_CodeStudio/Features/Login.feature:5)
]]>
    </failure>
  </testcase> <!-- runScenario -->
  <testcase classname="io.cucumber.testng.AbstractTestNGCucumberTests" name="runScenario" time="0.031">
    <failure type="java.lang.NullPointerException" message="Cannot invoke &amp;quot;org.apache.logging.log4j.Logger.info(String)&amp;quot; because &amp;quot;StepDefinition.StepDefn.log&amp;quot; is null">
      <![CDATA[java.lang.NullPointerException: Cannot invoke "org.apache.logging.log4j.Logger.info(String)" because "StepDefinition.StepDefn.log" is null
at StepDefinition.StepDefn.user_launch_chrome_browser(StepDefn.java:73)
at ✽.User Launch Chrome browser(file:///C:/Users/91790/eclipse-workspace/CucumberBDDFramework_CodeStudio/Features/Login.feature:5)
]]>
    </failure>
  </testcase> <!-- runScenario -->
</testsuite> <!-- Default test -->
